04/25 14:36:46.586 [main/INFO][NativeMethodAccessorImpl.invoke0:-2] [WebSquareConfig.getStringValue] key[//wqDefiner/@value] value[] defaultValue[]
04/25 14:36:46.590 [main/INFO][NativeMethodAccessorImpl.invoke0:-2] [WebSquareConfig.getStringValue] key[//upload/@support] value[] defaultValue[true]
04/25 14:36:46.594 [main/INFO][NativeMethodAccessorImpl.invoke0:-2] [WebSquareConfig.getStringValue] key[/websquare/upload/maxUploadSize/@value] value[536870912] defaultValue[1048576]
04/25 14:36:46.611 [main/INFO][NativeMethodAccessorImpl.invoke0:-2] [WebSquareConfig.getStringValue] key[//upload/encoding/@value] value[UTF-8] defaultValue[KSC5601]
04/25 14:36:46.619 [main/INFO][NativeMethodAccessorImpl.invoke0:-2] [WebSquareConfig.getStringValue] key[//upload/baseDir/@value] value[C:\WEBSQUARE_DEV_PACK_SP5\workspace\WRM\WebContent\fileUpload] defaultValue[null]
04/25 14:36:46.622 [main/INFO][NativeMethodAccessorImpl.invoke0:-2] [WebSquareConfig.getStringValue] key[//upload/folderName/@value] value[up] defaultValue[]
04/25 14:36:46.693 [main/INFO][NativeMethodAccessorImpl.invoke0:-2] [WebSquareConfig.getStringValue] key[//compression/@value] value[] defaultValue[true]
04/25 14:36:46.695 [main/INFO][NativeMethodAccessorImpl.invoke0:-2] [WebSquareConfig.getStringValue] key[//webpackType/@value] value[] defaultValue[default]
04/25 14:36:48.657 [main/INFO][GeneratedMethodAccessor39.invoke:-1] [WebSquareConfig.getStringValue] key[//engineType/@baseFolder] value[] defaultValue[]
04/25 14:36:48.930 [main/INFO][GeneratedMethodAccessor39.invoke:-1] [WebSquareConfig.getStringValue] key[//engineType/@coverage] value[notsupport] defaultValue[notsupport]
04/25 14:36:48.931 [main/SEVERE][GeneratedMethodAccessor39.invoke:-1] LoadingModule [websquare.WebSquareEngine][3591261][1]
04/25 14:41:28.373 [main/INFO][NativeMethodAccessorImpl.invoke0:-2] [WebSquareConfig.getStringValue] key[//wqDefiner/@value] value[] defaultValue[]
04/25 14:41:28.379 [main/INFO][NativeMethodAccessorImpl.invoke0:-2] [WebSquareConfig.getStringValue] key[//upload/@support] value[] defaultValue[true]
04/25 14:41:28.381 [main/INFO][NativeMethodAccessorImpl.invoke0:-2] [WebSquareConfig.getStringValue] key[/websquare/upload/maxUploadSize/@value] value[536870912] defaultValue[1048576]
04/25 14:41:28.398 [main/INFO][NativeMethodAccessorImpl.invoke0:-2] [WebSquareConfig.getStringValue] key[//upload/encoding/@value] value[UTF-8] defaultValue[KSC5601]
04/25 14:41:28.416 [main/INFO][NativeMethodAccessorImpl.invoke0:-2] [WebSquareConfig.getStringValue] key[//upload/baseDir/@value] value[C:\WEBSQUARE_DEV_PACK_SP5\workspace\WRM\WebContent\fileUpload] defaultValue[null]
04/25 14:41:28.419 [main/INFO][NativeMethodAccessorImpl.invoke0:-2] [WebSquareConfig.getStringValue] key[//upload/folderName/@value] value[up] defaultValue[]
04/25 14:41:28.516 [main/INFO][NativeMethodAccessorImpl.invoke0:-2] [WebSquareConfig.getStringValue] key[//compression/@value] value[] defaultValue[true]
04/25 14:41:28.519 [main/INFO][NativeMethodAccessorImpl.invoke0:-2] [WebSquareConfig.getStringValue] key[//webpackType/@value] value[] defaultValue[default]
04/25 14:41:30.631 [main/INFO][GeneratedMethodAccessor39.invoke:-1] [WebSquareConfig.getStringValue] key[//engineType/@baseFolder] value[] defaultValue[]
04/25 14:41:30.919 [main/INFO][GeneratedMethodAccessor39.invoke:-1] [WebSquareConfig.getStringValue] key[//engineType/@coverage] value[notsupport] defaultValue[notsupport]
04/25 14:41:30.920 [main/SEVERE][GeneratedMethodAccessor39.invoke:-1] LoadingModule [websquare.WebSquareEngine][3591261][1]
04/25 14:42:07.526 [http-nio-8080-exec-8/INFO][GeneratedMethodAccessor39.invoke:-1] [WebSquareConfig.getStringValue] key[//webpackType/@etag] value[] defaultValue[support]
04/25 14:42:09.159 [http-nio-8080-exec-21/INFO][GeneratedMethodAccessor39.invoke:-1] [WebSquareConfig.getStringValue] key[//date/encoding/@value] value[] defaultValue[UTF-8]
