05/08 17:05:13.252 [main/INFO] [WebSquareConfig.getStringValue] return Empty WebSquareConfig.. key://wqDefiner/@value
05/08 17:05:13.255 [main/INFO] [WebSquareConfig.getStringValue] return Empty WebSquareConfig.. key://upload/@support
05/08 17:05:13.255 [main/INFO] [WebSquareConfig.getStringValue] return Empty WebSquareConfig.. key:/websquare/upload/maxUploadSize/@value
05/08 17:05:13.278 [main/INFO] [WebSquareConfig.getStringValue] return Empty WebSquareConfig.. key://upload/encoding/@value
05/08 17:05:13.285 [main/INFO] [WebSquareConfig.getStringValue] return Empty WebSquareConfig.. key://upload/baseDir/@value
05/08 17:05:13.290 [main/WARNING] websquare.upload.MultiPartResolver
java.lang.Exception: upload base dir is null see websquare.xml:upload base dir is null see websquare.xml
    at websquare.upload.MultiPartResolver.<init>(MultiPartResolver.java:60)
    at websquare.http.DefaultRequestDispatcherImpl.init(DefaultRequestDispatcherImpl.java:67)
    at websquare.http.DefaultRequestDispatcherImpl.<init>(DefaultRequestDispatcherImpl.java:204)
    at websquare.http.DefaultRequestDispatcherImpl.<clinit>(DefaultRequestDispatcherImpl.java:36)
    at websquare.http.controller.JavascriptInitializer.contextInitialized(JavascriptInitializer.java:20)
    at org.apache.catalina.core.StandardContext.listenerStart(StandardContext.java:4643)
    at org.apache.catalina.core.StandardContext.startInternal(StandardContext.java:5109)
    at org.apache.catalina.util.LifecycleBase.start(LifecycleBase.java:183)
    at org.apache.catalina.core.ContainerBase$StartChild.call(ContainerBase.java:1427)
    at org.apache.catalina.core.ContainerBase$StartChild.call(ContainerBase.java:1417)
    at java.util.concurrent.FutureTask.run(FutureTask.java:264)
    at org.apache.tomcat.util.threads.InlineExecutorService.execute(InlineExecutorService.java:75)
    at java.util.concurrent.AbstractExecutorService.submit(AbstractExecutorService.java:140)
    at org.apache.catalina.core.ContainerBase.startInternal(ContainerBase.java:943)
    at org.apache.catalina.core.StandardHost.startInternal(StandardHost.java:839)
    at org.apache.catalina.util.LifecycleBase.start(LifecycleBase.java:183)
    at org.apache.catalina.core.ContainerBase$StartChild.call(ContainerBase.java:1427)
    at org.apache.catalina.core.ContainerBase$StartChild.call(ContainerBase.java:1417)
    at java.util.concurrent.FutureTask.run(FutureTask.java:264)
    at org.apache.tomcat.util.threads.InlineExecutorService.execute(InlineExecutorService.java:75)
    at java.util.concurrent.AbstractExecutorService.submit(AbstractExecutorService.java:140)
    at org.apache.catalina.core.ContainerBase.startInternal(ContainerBase.java:943)
    at org.apache.catalina.core.StandardEngine.startInternal(StandardEngine.java:258)
    at org.apache.catalina.util.LifecycleBase.start(LifecycleBase.java:183)
    at org.apache.catalina.core.StandardService.startInternal(StandardService.java:422)
    at org.apache.catalina.util.LifecycleBase.start(LifecycleBase.java:183)
    at org.apache.catalina.core.StandardServer.startInternal(StandardServer.java:770)
    at org.apache.catalina.util.LifecycleBase.start(LifecycleBase.java:183)
    at org.apache.catalina.startup.Catalina.start(Catalina.java:682)
    at jdk.internal.reflect.NativeMethodAccessorImpl.invoke0(NativeMethodAccessorImpl.java:-2)
    at jdk.internal.reflect.NativeMethodAccessorImpl.invoke(NativeMethodAccessorImpl.java:62)
    at jdk.internal.reflect.DelegatingMethodAccessorImpl.invoke(DelegatingMethodAccessorImpl.java:43)
    at java.lang.reflect.Method.invoke(Method.java:566)
    at org.apache.catalina.startup.Bootstrap.start(Bootstrap.java:350)
    at org.apache.catalina.startup.Bootstrap.main(Bootstrap.java:492)

05/08 17:05:13.383 [main/INFO] [WebSquareConfig.getStringValue] return Empty WebSquareConfig.. key://compression/@value
05/08 17:05:13.383 [main/INFO] [WebSquareConfig.getStringValue] return Empty WebSquareConfig.. key://webpackType/@value
05/08 17:05:13.409 [main/WARNING] [JavascriptLoader.doHandle] 
java.lang.NullPointerException:null
    at websquare.http.util.ServletUtil.readLicenseFileList(ServletUtil.java:575)
    at websquare.http.util.ServletUtil.checkLicense(ServletUtil.java:315)
    at websquare.http.controller.JavascriptLoader.doHandle(JavascriptLoader.java:131)
    at websquare.http.controller.JavascriptInitializer.contextInitialized(JavascriptInitializer.java:26)
    at org.apache.catalina.core.StandardContext.listenerStart(StandardContext.java:4643)
    at org.apache.catalina.core.StandardContext.startInternal(StandardContext.java:5109)
    at org.apache.catalina.util.LifecycleBase.start(LifecycleBase.java:183)
    at org.apache.catalina.core.ContainerBase$StartChild.call(ContainerBase.java:1427)
    at org.apache.catalina.core.ContainerBase$StartChild.call(ContainerBase.java:1417)
    at java.util.concurrent.FutureTask.run(FutureTask.java:264)
    at org.apache.tomcat.util.threads.InlineExecutorService.execute(InlineExecutorService.java:75)
    at java.util.concurrent.AbstractExecutorService.submit(AbstractExecutorService.java:140)
    at org.apache.catalina.core.ContainerBase.startInternal(ContainerBase.java:943)
    at org.apache.catalina.core.StandardHost.startInternal(StandardHost.java:839)
    at org.apache.catalina.util.LifecycleBase.start(LifecycleBase.java:183)
    at org.apache.catalina.core.ContainerBase$StartChild.call(ContainerBase.java:1427)
    at org.apache.catalina.core.ContainerBase$StartChild.call(ContainerBase.java:1417)
    at java.util.concurrent.FutureTask.run(FutureTask.java:264)
    at org.apache.tomcat.util.threads.InlineExecutorService.execute(InlineExecutorService.java:75)
    at java.util.concurrent.AbstractExecutorService.submit(AbstractExecutorService.java:140)
    at org.apache.catalina.core.ContainerBase.startInternal(ContainerBase.java:943)
    at org.apache.catalina.core.StandardEngine.startInternal(StandardEngine.java:258)
    at org.apache.catalina.util.LifecycleBase.start(LifecycleBase.java:183)
    at org.apache.catalina.core.StandardService.startInternal(StandardService.java:422)
    at org.apache.catalina.util.LifecycleBase.start(LifecycleBase.java:183)
    at org.apache.catalina.core.StandardServer.startInternal(StandardServer.java:770)
    at org.apache.catalina.util.LifecycleBase.start(LifecycleBase.java:183)
    at org.apache.catalina.startup.Catalina.start(Catalina.java:682)
    at jdk.internal.reflect.NativeMethodAccessorImpl.invoke0(NativeMethodAccessorImpl.java:-2)
    at jdk.internal.reflect.NativeMethodAccessorImpl.invoke(NativeMethodAccessorImpl.java:62)
    at jdk.internal.reflect.DelegatingMethodAccessorImpl.invoke(DelegatingMethodAccessorImpl.java:43)
    at java.lang.reflect.Method.invoke(Method.java:566)
    at org.apache.catalina.startup.Bootstrap.start(Bootstrap.java:350)
    at org.apache.catalina.startup.Bootstrap.main(Bootstrap.java:492)

05/08 17:07:57.843 [main/INFO] [WebSquareConfig.getStringValue] return Empty WebSquareConfig.. key://wqDefiner/@value
05/08 17:07:57.847 [main/INFO] [WebSquareConfig.getStringValue] return Empty WebSquareConfig.. key://upload/@support
05/08 17:07:57.847 [main/INFO] [WebSquareConfig.getStringValue] return Empty WebSquareConfig.. key:/websquare/upload/maxUploadSize/@value
05/08 17:07:57.868 [main/INFO] [WebSquareConfig.getStringValue] return Empty WebSquareConfig.. key://upload/encoding/@value
05/08 17:07:57.876 [main/INFO] [WebSquareConfig.getStringValue] return Empty WebSquareConfig.. key://upload/baseDir/@value
05/08 17:07:57.882 [main/WARNING] websquare.upload.MultiPartResolver
java.lang.Exception: upload base dir is null see websquare.xml:upload base dir is null see websquare.xml
    at websquare.upload.MultiPartResolver.<init>(MultiPartResolver.java:60)
    at websquare.http.DefaultRequestDispatcherImpl.init(DefaultRequestDispatcherImpl.java:67)
    at websquare.http.DefaultRequestDispatcherImpl.<init>(DefaultRequestDispatcherImpl.java:204)
    at websquare.http.DefaultRequestDispatcherImpl.<clinit>(DefaultRequestDispatcherImpl.java:36)
    at websquare.http.controller.JavascriptInitializer.contextInitialized(JavascriptInitializer.java:20)
    at org.apache.catalina.core.StandardContext.listenerStart(StandardContext.java:4643)
    at org.apache.catalina.core.StandardContext.startInternal(StandardContext.java:5109)
    at org.apache.catalina.util.LifecycleBase.start(LifecycleBase.java:183)
    at org.apache.catalina.core.ContainerBase$StartChild.call(ContainerBase.java:1427)
    at org.apache.catalina.core.ContainerBase$StartChild.call(ContainerBase.java:1417)
    at java.util.concurrent.FutureTask.run(FutureTask.java:264)
    at org.apache.tomcat.util.threads.InlineExecutorService.execute(InlineExecutorService.java:75)
    at java.util.concurrent.AbstractExecutorService.submit(AbstractExecutorService.java:140)
    at org.apache.catalina.core.ContainerBase.startInternal(ContainerBase.java:943)
    at org.apache.catalina.core.StandardHost.startInternal(StandardHost.java:839)
    at org.apache.catalina.util.LifecycleBase.start(LifecycleBase.java:183)
    at org.apache.catalina.core.ContainerBase$StartChild.call(ContainerBase.java:1427)
    at org.apache.catalina.core.ContainerBase$StartChild.call(ContainerBase.java:1417)
    at java.util.concurrent.FutureTask.run(FutureTask.java:264)
    at org.apache.tomcat.util.threads.InlineExecutorService.execute(InlineExecutorService.java:75)
    at java.util.concurrent.AbstractExecutorService.submit(AbstractExecutorService.java:140)
    at org.apache.catalina.core.ContainerBase.startInternal(ContainerBase.java:943)
    at org.apache.catalina.core.StandardEngine.startInternal(StandardEngine.java:258)
    at org.apache.catalina.util.LifecycleBase.start(LifecycleBase.java:183)
    at org.apache.catalina.core.StandardService.startInternal(StandardService.java:422)
    at org.apache.catalina.util.LifecycleBase.start(LifecycleBase.java:183)
    at org.apache.catalina.core.StandardServer.startInternal(StandardServer.java:770)
    at org.apache.catalina.util.LifecycleBase.start(LifecycleBase.java:183)
    at org.apache.catalina.startup.Catalina.start(Catalina.java:682)
    at jdk.internal.reflect.NativeMethodAccessorImpl.invoke0(NativeMethodAccessorImpl.java:-2)
    at jdk.internal.reflect.NativeMethodAccessorImpl.invoke(NativeMethodAccessorImpl.java:62)
    at jdk.internal.reflect.DelegatingMethodAccessorImpl.invoke(DelegatingMethodAccessorImpl.java:43)
    at java.lang.reflect.Method.invoke(Method.java:566)
    at org.apache.catalina.startup.Bootstrap.start(Bootstrap.java:350)
    at org.apache.catalina.startup.Bootstrap.main(Bootstrap.java:492)

05/08 17:07:57.994 [main/INFO] [WebSquareConfig.getStringValue] return Empty WebSquareConfig.. key://compression/@value
05/08 17:07:57.995 [main/INFO] [WebSquareConfig.getStringValue] return Empty WebSquareConfig.. key://webpackType/@value
05/08 17:07:58.023 [main/WARNING] [JavascriptLoader.doHandle] 
java.lang.NullPointerException:null
    at websquare.http.util.ServletUtil.readLicenseFileList(ServletUtil.java:575)
    at websquare.http.util.ServletUtil.checkLicense(ServletUtil.java:315)
    at websquare.http.controller.JavascriptLoader.doHandle(JavascriptLoader.java:131)
    at websquare.http.controller.JavascriptInitializer.contextInitialized(JavascriptInitializer.java:26)
    at org.apache.catalina.core.StandardContext.listenerStart(StandardContext.java:4643)
    at org.apache.catalina.core.StandardContext.startInternal(StandardContext.java:5109)
    at org.apache.catalina.util.LifecycleBase.start(LifecycleBase.java:183)
    at org.apache.catalina.core.ContainerBase$StartChild.call(ContainerBase.java:1427)
    at org.apache.catalina.core.ContainerBase$StartChild.call(ContainerBase.java:1417)
    at java.util.concurrent.FutureTask.run(FutureTask.java:264)
    at org.apache.tomcat.util.threads.InlineExecutorService.execute(InlineExecutorService.java:75)
    at java.util.concurrent.AbstractExecutorService.submit(AbstractExecutorService.java:140)
    at org.apache.catalina.core.ContainerBase.startInternal(ContainerBase.java:943)
    at org.apache.catalina.core.StandardHost.startInternal(StandardHost.java:839)
    at org.apache.catalina.util.LifecycleBase.start(LifecycleBase.java:183)
    at org.apache.catalina.core.ContainerBase$StartChild.call(ContainerBase.java:1427)
    at org.apache.catalina.core.ContainerBase$StartChild.call(ContainerBase.java:1417)
    at java.util.concurrent.FutureTask.run(FutureTask.java:264)
    at org.apache.tomcat.util.threads.InlineExecutorService.execute(InlineExecutorService.java:75)
    at java.util.concurrent.AbstractExecutorService.submit(AbstractExecutorService.java:140)
    at org.apache.catalina.core.ContainerBase.startInternal(ContainerBase.java:943)
    at org.apache.catalina.core.StandardEngine.startInternal(StandardEngine.java:258)
    at org.apache.catalina.util.LifecycleBase.start(LifecycleBase.java:183)
    at org.apache.catalina.core.StandardService.startInternal(StandardService.java:422)
    at org.apache.catalina.util.LifecycleBase.start(LifecycleBase.java:183)
    at org.apache.catalina.core.StandardServer.startInternal(StandardServer.java:770)
    at org.apache.catalina.util.LifecycleBase.start(LifecycleBase.java:183)
    at org.apache.catalina.startup.Catalina.start(Catalina.java:682)
    at jdk.internal.reflect.NativeMethodAccessorImpl.invoke0(NativeMethodAccessorImpl.java:-2)
    at jdk.internal.reflect.NativeMethodAccessorImpl.invoke(NativeMethodAccessorImpl.java:62)
    at jdk.internal.reflect.DelegatingMethodAccessorImpl.invoke(DelegatingMethodAccessorImpl.java:43)
    at java.lang.reflect.Method.invoke(Method.java:566)
    at org.apache.catalina.startup.Bootstrap.start(Bootstrap.java:350)
    at org.apache.catalina.startup.Bootstrap.main(Bootstrap.java:492)

